[+] Containers:
 |- [+] Container: /Game/ThirdPerson/Maps/ThirdPersonMap
 |   |- [+] ActorDescs:
 |   |   |- Guid:05C04CAC4DA6D5F51A677CA12B247D33 BaseClass: NativeClass:/Script/Engine.StaticMeshActor Name:StaticMeshActor_UAID_2CF05DA93863E7EE01_1570558196 Label:Cube53 SpatiallyLoaded:1 Bounds:IsValid=true, Min=(X=2395.000 Y=960.000 Z=-10.000), Max=(X=2545.000 Y=1360.000 Z=290.000) RuntimeGrid:None EditorOnly:0 RuntimeOnly:0 HLODRelevant:1
 |   |   |- Guid:071715B54CBB9E8A203CD88D67313BBB BaseClass: NativeClass:/Script/Engine.StaticMeshActor Name:StaticMeshActor_UAID_2CF05DA93863E4EE01_1076741631 Label:Cube17 SpatiallyLoaded:1 Bounds:IsValid=true, Min=(X=1510.000 Y=2240.000 Z=-50.000), Max=(X=2010.000 Y=2340.000 Z=150.000) RuntimeGrid:None EditorOnly:0 RuntimeOnly:0 HLODRelevant:1
 |   |   |- Guid:08F2BE694988520338477AB9FF0D503E BaseClass: NativeClass:/Script/Engine.StaticMeshActor Name:StaticMeshActor_UAID_2CF05DA93863E4EE01_1249892654 Label:Cube40 SpatiallyLoaded:1 Bounds:IsValid=true, Min=(X=2435.000 Y=580.000 Z=-150.000), Max=(X=2585.000 Y=2080.000 Z=350.000) RuntimeGrid:None EditorOnly:0 RuntimeOnly:0 HLODRelevant:1
 |   |   |- Guid:095928644B0F3EDD292834BC49BFE137 BaseClass: NativeClass:/Script/Engine.StaticMeshActor Name:StaticMeshActor_UAID_2CF05DA93863E4EE01_1118411637 Label:Cube23 SpatiallyLoaded:1 Bounds:IsValid=true, Min=(X=1530.000 Y=3580.000 Z=-110.000), Max=(X=1830.000 Y=3880.000 Z=90.000) RuntimeGrid:None EditorOnly:0 RuntimeOnly:0 HLODRelevant:1
 |   |   |- Guid:09B45353438647DF896B8092C625FD6A BaseClass: NativeClass:/Script/Engine.StaticMeshActor Name:StaticMeshActor_UAID_2CF05DA93863E4EE01_1144743646 Label:Cube32 SpatiallyLoaded:1 Bounds:IsValid=true, Min=(X=1480.000 Y=60.000 Z=0.000), Max=(X=1780.000 Y=360.000 Z=200.000) RuntimeGrid:None EditorOnly:0 RuntimeOnly:0 HLODRelevant:1
 |   |   |- Guid:0DCC69694B2FDBDD862E1CB1A765BCF3 BaseClass: NativeClass:/Script/Engine.StaticMeshActor Name:StaticMeshActor_UAID_2CF05DA93863E4EE01_1118408633 Label:Cube19 SpatiallyLoaded:1 Bounds:IsValid=true, Min=(X=1540.000 Y=4060.000 Z=-60.000), Max=(X=1840.000 Y=4360.000 Z=140.000) RuntimeGrid:None EditorOnly:0 RuntimeOnly:0 HLODRelevant:1
 |   |   |- Guid:1393459247B2D7AF1329AA828D17D817 BaseClass: NativeClass:/Script/Engine.StaticMeshActor Name:StaticMeshActor_UAID_2CF05DA93863E4EE01_1085860632 Label:Cube18 SpatiallyLoaded:1 Bounds:IsValid=true, Min=(X=1640.000 Y=2320.000 Z=-80.000), Max=(X=2140.000 Y=2420.000 Z=120.000) RuntimeGrid:None EditorOnly:0 RuntimeOnly:0 HLODRelevant:1
 |   |   |- Guid:15727B7847164F4CEF9437AB21B3CF31 BaseClass: NativeClass:/Script/Engine.StaticMeshActor Name:StaticMeshActor_UAID_2CF05DA93863E4EE01_1238945653 Label:Cube39 SpatiallyLoaded:1 Bounds:IsValid=true, Min=(X=2485.000 Y=2020.000 Z=-100.000), Max=(X=2635.000 Y=3520.000 Z=400.000) RuntimeGrid:None EditorOnly:0 RuntimeOnly:0 HLODRelevant:1
 |   |   |- Guid:174DF71143EA367D14F3838C26CC06DF BaseClass: NativeClass:/Script/Engine.SkyLight Name:SkyLight_0 Label:SkyLight SpatiallyLoaded:0 Bounds:IsValid=true, Min=(X=0.000 Y=0.000 Z=690.000), Max=(X=0.000 Y=0.000 Z=690.000) RuntimeGrid:None EditorOnly:0 RuntimeOnly:0 HLODRelevant:0 FolderPath:Lighting FolderGuid:08A10B054C95868C663DE39EE4343813
 |   |   |- Guid:249F870842A9573F8BAFEEAF915E43F4 BaseClass: NativeClass:/Script/Engine.StaticMeshActor Name:StaticMeshActor_UAID_2CF05DA93863E7EE01_1528481191 Label:Cube48 SpatiallyLoaded:1 Bounds:IsValid=true, Min=(X=2365.000 Y=3460.000 Z=70.000), Max=(X=2515.000 Y=3860.000 Z=370.000) RuntimeGrid:None EditorOnly:0 RuntimeOnly:0 HLODRelevant:1
 |   |   |- Guid:27E6A0FD4C6E6047DBA207907A1CBB23 BaseClass: NativeClass:/Script/Engine.StaticMeshActor Name:StaticMeshActor_UAID_2CF05DA93863E3EE01_2031598444 Label:Cube6 SpatiallyLoaded:1 Bounds:IsValid=true, Min=(X=1640.000 Y=3070.000 Z=-60.000), Max=(X=1840.000 Y=3170.000 Z=140.000) RuntimeGrid:None EditorOnly:0 RuntimeOnly:0 HLODRelevant:1
 |   |   |- Guid:309F7E1640381650EC6B29B978C1AD29 BaseClass: NativeClass:/Script/Engine.StaticMeshActor Name:StaticMeshActor_UAID_2CF05DA93863E3EE01_1990470440 Label:Cube2 SpatiallyLoaded:1 Bounds:IsValid=true, Min=(X=1440.000 Y=1480.000 Z=-60.000), Max=(X=1640.000 Y=1580.000 Z=140.000) RuntimeGrid:None EditorOnly:0 RuntimeOnly:0 HLODRelevant:1
 |   |   |- Guid:3704B38B4CDA88871FB672BE4EBAECE3 BaseClass: NativeClass:/Script/Engine.StaticMeshActor Name:StaticMeshActor_UAID_2CF05DA93863E7EE01_1522511190 Label:Cube47 SpatiallyLoaded:1 Bounds:IsValid=true, Min=(X=2355.000 Y=3110.000 Z=0.000), Max=(X=2505.000 Y=3510.000 Z=300.000) RuntimeGrid:None EditorOnly:0 RuntimeOnly:0 HLODRelevant:1
 |   |   |- Guid:3EEB57BA4C5C7A7C3BB727967E55AD60 BaseClass: NativeClass:/Script/Engine.StaticMeshActor Name:StaticMeshActor_UAID_2CF05DA93863E7EE01_1546550193 Label:Cube50 SpatiallyLoaded:1 Bounds:IsValid=true, Min=(X=2345.000 Y=1740.000 Z=0.000), Max=(X=2495.000 Y=2140.000 Z=300.000) RuntimeGrid:None EditorOnly:0 RuntimeOnly:0 HLODRelevant:1
 |   |   |- Guid:40CFCABB413093C654F5A684A67FEACE BaseClass: NativeClass:/Script/Engine.StaticMeshActor Name:StaticMeshActor_UAID_2CF05DA93863E7EE01_1646262199 Label:Cube56 SpatiallyLoaded:1 Bounds:IsValid=true, Min=(X=2325.000 Y=3030.000 Z=-50.000), Max=(X=2475.000 Y=3230.000 Z=250.000) RuntimeGrid:None EditorOnly:0 RuntimeOnly:0 HLODRelevant:1
 |   |   |- Guid:4381E9CD4D081BAE54A56EAE8827A738 BaseClass: NativeClass:/Script/Engine.StaticMeshActor Name:StaticMeshActor_UAID_2CF05DA93863E7EE01_1417940188 Label:Cube45 SpatiallyLoaded:1 Bounds:IsValid=true, Min=(X=1720.000 Y=4130.000 Z=-40.000), Max=(X=2020.000 Y=4430.000 Z=160.000) RuntimeGrid:None EditorOnly:0 RuntimeOnly:0 HLODRelevant:1
 |   |   |- Guid:48C8A548462BADD952FF60B2DB450BE0 BaseClass: NativeClass:/Script/Engine.StaticMeshActor Name:StaticMeshActor_UAID_2CF05DA93863E4EE01_1137755641 Label:Cube27 SpatiallyLoaded:1 Bounds:IsValid=true, Min=(X=1390.000 Y=900.000 Z=-60.000), Max=(X=1590.000 Y=1000.000 Z=140.000) RuntimeGrid:None EditorOnly:0 RuntimeOnly:0 HLODRelevant:1
 |   |   |- Guid:4927730541B8965BA63433A9610849D4 BaseClass: NativeClass:/Script/Engine.StaticMeshActor Name:StaticMeshActor_UAID_2CF05DA93863E4EE01_1118412638 Label:Cube24 SpatiallyLoaded:1 Bounds:IsValid=true, Min=(X=1450.000 Y=3860.000 Z=-170.000), Max=(X=1650.000 Y=3960.000 Z=30.000) RuntimeGrid:None EditorOnly:0 RuntimeOnly:0 HLODRelevant:1
 |   |   |- Guid:49AAA0F44D39799469F52DBFE0AB6390 BaseClass: NativeClass:/Script/Engine.StaticMeshActor Name:StaticMeshActor_UAID_2CF05DA93863E3EE01_2084011447 Label:Cube9 SpatiallyLoaded:1 Bounds:IsValid=true, Min=(X=1740.000 Y=1880.000 Z=0.000), Max=(X=2040.000 Y=2180.000 Z=200.000) RuntimeGrid:None EditorOnly:0 RuntimeOnly:0 HLODRelevant:1
 |   |   |- Guid:4B46168147F09251B56544A6E7C08AFC BaseClass: NativeClass:/Script/Engine.StaticMeshActor Name:StaticMeshActor_UAID_2CF05DA93863E3EE01_2039326445 Label:Cube7 SpatiallyLoaded:1 Bounds:IsValid=true, Min=(X=1520.000 Y=2660.000 Z=-50.000), Max=(X=1820.000 Y=2960.000 Z=150.000) RuntimeGrid:None EditorOnly:0 RuntimeOnly:0 HLODRelevant:1
 |   |   |- Guid:4F7B735A44E12B4B031927A9FC21C460 BaseClass: NativeClass:/Script/Engine.VolumetricCloud Name:VolumetricCloud_1 Label:VolumetricCloud SpatiallyLoaded:0 Bounds:IsValid=true, Min=(X=0.000 Y=0.000 Z=820.000), Max=(X=0.000 Y=0.000 Z=820.000) RuntimeGrid:None EditorOnly:0 RuntimeOnly:0 HLODRelevant:0 FolderPath:Lighting FolderGuid:08A10B054C95868C663DE39EE4343813
 |   |   |- Guid:55A5A51740AD3BDB82C10A89F036BAAD BaseClass: NativeClass:/Script/Engine.StaticMeshActor Name:StaticMeshActor_UAID_2CF05DA93863E2EE01_1958573263 Label:Cube SpatiallyLoaded:1 Bounds:IsValid=true, Min=(X=1520.000 Y=1200.000 Z=0.000), Max=(X=1820.000 Y=1500.000 Z=200.000) RuntimeGrid:None EditorOnly:0 RuntimeOnly:0 HLODRelevant:1
 |   |   |- Guid:5C7C5C40408F48C386D06CA03AB130C2 BaseClass: NativeClass:/Script/Engine.StaticMeshActor Name:StaticMeshActor_UAID_A4AE111137DC5EFB00_1594956423 Label:SM_SkySphere SpatiallyLoaded:0 Bounds:IsValid=true, Min=(X=-1638400.000 Y=-1638400.000 Z=-1638400.000), Max=(X=1638400.000 Y=1638400.000 Z=1638400.000) RuntimeGrid:None EditorOnly:0 RuntimeOnly:0 HLODRelevant:1 FolderPath:Lighting FolderGuid:08A10B054C95868C663DE39EE4343813
 |   |   |- Guid:5CE883734C1A6DCBCC6F01BD75A80249 BaseClass: NativeClass:/Script/Engine.StaticMeshActor Name:StaticMeshActor_UAID_2CF05DA93863E4EE01_1137755642 Label:Cube28 SpatiallyLoaded:1 Bounds:IsValid=true, Min=(X=1880.000 Y=950.000 Z=0.000), Max=(X=2180.000 Y=1250.000 Z=200.000) RuntimeGrid:None EditorOnly:0 RuntimeOnly:0 HLODRelevant:1
 |   |   |- Guid:6642EED3485A9AABCA97DFB852DC2FA4 BaseClass: NativeClass:/Script/Engine.StaticMeshActor Name:StaticMeshActor_UAID_2CF05DA93863E3EE01_2026805441 Label:Cube3 SpatiallyLoaded:1 Bounds:IsValid=true, Min=(X=1530.000 Y=3140.000 Z=0.000), Max=(X=1830.000 Y=3440.000 Z=200.000) RuntimeGrid:None EditorOnly:0 RuntimeOnly:0 HLODRelevant:1
 |   |   |- Guid:66F779F44E2D5B89EBF363B644A77A3F BaseClass: NativeClass:/Script/Engine.StaticMeshActor Name:StaticMeshActor_UAID_2CF05DA93863E4EE01_1291084656 Label:Cube42 SpatiallyLoaded:1 Bounds:IsValid=true, Min=(X=2395.000 Y=2330.000 Z=0.000), Max=(X=2545.000 Y=2730.000 Z=300.000) RuntimeGrid:None EditorOnly:0 RuntimeOnly:0 HLODRelevant:1
 |   |   |- Guid:68B68354435189A072D30A889F29530A BaseClass: NativeClass:/Script/Engine.StaticMeshActor Name:StaticMeshActor_UAID_2CF05DA93863E4EE01_1137756643 Label:Cube29 SpatiallyLoaded:1 Bounds:IsValid=true, Min=(X=1680.000 Y=820.000 Z=-50.000), Max=(X=1980.000 Y=1120.000 Z=150.000) RuntimeGrid:None EditorOnly:0 RuntimeOnly:0 HLODRelevant:1
 |   |   |- Guid:788903924598EC8109F9709A8AB41C0D BaseClass: NativeClass:/Script/Engine.WorldDataLayers Name:WorldDataLayers Label:WorldDataLayers-1 SpatiallyLoaded:0 Bounds:IsValid=true, Min=(X=0.000 Y=0.000 Z=0.000), Max=(X=0.000 Y=0.000 Z=0.000) RuntimeGrid:None EditorOnly:0 RuntimeOnly:0 HLODRelevant:0
 |   |   |- Guid:79036F244EC62B2DE91C9CBE1F9CAFE1 BaseClass: NativeClass:/Script/Engine.StaticMeshActor Name:StaticMeshActor_UAID_2CF05DA93863E3EE01_2084014450 Label:Cube12 SpatiallyLoaded:1 Bounds:IsValid=true, Min=(X=1850.000 Y=1810.000 Z=-60.000), Max=(X=2050.000 Y=1910.000 Z=140.000) RuntimeGrid:None EditorOnly:0 RuntimeOnly:0 HLODRelevant:1
 |   |   |- Guid:7B6A176E4CA8B2D1207245BCCC198BF5 BaseClass: NativeClass:/Script/Engine.StaticMeshActor Name:StaticMeshActor_UAID_2CF05DA93863E4EE01_1144746650 Label:Cube36 SpatiallyLoaded:1 Bounds:IsValid=true, Min=(X=1610.000 Y=540.000 Z=-110.000), Max=(X=1810.000 Y=640.000 Z=90.000) RuntimeGrid:None EditorOnly:0 RuntimeOnly:0 HLODRelevant:1
 |   |   |- Guid:8732122040E8A20EB4B9FC88CBD47478 BaseClass: NativeClass:/Script/Engine.StaticMeshActor Name:StaticMeshActor_UAID_2CF05DA93863E4EE01_1144745648 Label:Cube34 SpatiallyLoaded:1 Bounds:IsValid=true, Min=(X=1890.000 Y=390.000 Z=0.000), Max=(X=2190.000 Y=690.000 Z=200.000) RuntimeGrid:None EditorOnly:0 RuntimeOnly:0 HLODRelevant:1
 |   |   |- Guid:8C2112244882705C72CB9C8BCD0D8E4D BaseClass: NativeClass:/Script/Engine.StaticMeshActor Name:StaticMeshActor_UAID_2CF05DA93863E4EE01_1118410635 Label:Cube21 SpatiallyLoaded:1 Bounds:IsValid=true, Min=(X=1730.000 Y=3710.000 Z=-60.000), Max=(X=2030.000 Y=4010.000 Z=140.000) RuntimeGrid:None EditorOnly:0 RuntimeOnly:0 HLODRelevant:1
 |   |   |- Guid:8DFDD50D48487F40A9E8E3A804150C9B BaseClass: NativeClass:/Script/Engine.StaticMeshActor Name:StaticMeshActor_UAID_2CF05DA93863E4EE01_1137758645 Label:Cube31 SpatiallyLoaded:1 Bounds:IsValid=true, Min=(X=1980.000 Y=670.000 Z=-100.000), Max=(X=2280.000 Y=970.000 Z=100.000) RuntimeGrid:None EditorOnly:0 RuntimeOnly:0 HLODRelevant:1
 |   |   |- Guid:912D9028455BAD4FC9F937A1F94E7438 BaseClass: NativeClass:/Script/Engine.StaticMeshActor Name:StaticMeshActor_UAID_2CF05DA93863E7EE01_1403045186 Label:Cube43 SpatiallyLoaded:1 Bounds:IsValid=true, Min=(X=1810.000 Y=3180.000 Z=-40.000), Max=(X=2110.000 Y=3480.000 Z=160.000) RuntimeGrid:None EditorOnly:0 RuntimeOnly:0 HLODRelevant:1
 |   |   |- Guid:95C64E7244CA4CEF61660AAD3469A383 BaseClass: NativeClass:/Script/Engine.StaticMeshActor Name:StaticMeshActor_UAID_2CF05DA93863E4EE01_1144745647 Label:Cube33 SpatiallyLoaded:1 Bounds:IsValid=true, Min=(X=1400.000 Y=340.000 Z=-60.000), Max=(X=1600.000 Y=440.000 Z=140.000) RuntimeGrid:None EditorOnly:0 RuntimeOnly:0 HLODRelevant:1
 |   |   |- Guid:96D80EA74FF745DF791CD7BF4FCA267B BaseClass: NativeClass:/Script/Engine.StaticMeshActor Name:StaticMeshActor_UAID_2CF05DA93863E4EE01_1137757644 Label:Cube30 SpatiallyLoaded:1 Bounds:IsValid=true, Min=(X=1600.000 Y=1100.000 Z=-110.000), Max=(X=1800.000 Y=1200.000 Z=90.000) RuntimeGrid:None EditorOnly:0 RuntimeOnly:0 HLODRelevant:1
 |   |   |- Guid:97EB11964809F67EAA45A4BFE8B2BC73 BaseClass: NativeClass:/Script/Engine.StaticMeshActor Name:StaticMeshActor_UAID_2CF05DA93863E7EE01_1581877197 Label:Cube54 SpatiallyLoaded:1 Bounds:IsValid=true, Min=(X=2475.000 Y=60.000 Z=-70.000), Max=(X=2625.000 Y=460.000 Z=230.000) RuntimeGrid:None EditorOnly:0 RuntimeOnly:0 HLODRelevant:1
 |   |   |- Guid:9A4A5B6943BF438340258592C3B5673C BaseClass: NativeClass:/Script/Engine.StaticMeshActor Name:StaticMeshActor_UAID_2CF05DA93863E3EE01_2084015452 Label:Cube14 SpatiallyLoaded:1 Bounds:IsValid=true, Min=(X=1650.000 Y=1680.000 Z=-110.000), Max=(X=1850.000 Y=1780.000 Z=90.000) RuntimeGrid:None EditorOnly:0 RuntimeOnly:0 HLODRelevant:1
 |   |   |- Guid:9FFE6665469AE829D82050A8B1F67178 BaseClass: NativeClass:/Script/Engine.DirectionalLight Name:DirectionalLight_1 Label:DirectionalLight SpatiallyLoaded:0 Bounds:IsValid=true, Min=(X=-1048576.000 Y=-1048576.000 Z=-1048576.000), Max=(X=1048576.000 Y=1048576.000 Z=1048576.000) RuntimeGrid:None EditorOnly:0 RuntimeOnly:0 HLODRelevant:0 FolderPath:Lighting FolderGuid:08A10B054C95868C663DE39EE4343813
 |   |   |- Guid:A42CF890469EEA59FFCC61A13800D6AB BaseClass: NativeClass:/Script/Engine.StaticMeshActor Name:StaticMeshActor_UAID_2CF05DA93863E3EE01_2026806442 Label:Cube4 SpatiallyLoaded:1 Bounds:IsValid=true, Min=(X=1450.000 Y=3420.000 Z=-60.000), Max=(X=1650.000 Y=3520.000 Z=140.000) RuntimeGrid:None EditorOnly:0 RuntimeOnly:0 HLODRelevant:1
 |   |   |- Guid:A48F868A4B8F13771BD2F192EBB387DA BaseClass: NativeClass:/Script/Engine.StaticMeshActor Name:StaticMeshActor_UAID_2CF05DA93863E3EE01_2031596443 Label:Cube5 SpatiallyLoaded:1 Bounds:IsValid=true, Min=(X=1720.000 Y=2790.000 Z=0.000), Max=(X=2020.000 Y=3090.000 Z=200.000) RuntimeGrid:None EditorOnly:0 RuntimeOnly:0 HLODRelevant:1
 |   |   |- Guid:A5B151F745AF0ABEFDE3898986DD1616 BaseClass: NativeClass:/Script/Engine.StaticMeshActor Name:StaticMeshActor_UAID_2CF05DA93863E7EE01_1410652187 Label:Cube44 SpatiallyLoaded:1 Bounds:IsValid=true, Min=(X=1820.000 Y=3620.000 Z=-40.000), Max=(X=2120.000 Y=3920.000 Z=160.000) RuntimeGrid:None EditorOnly:0 RuntimeOnly:0 HLODRelevant:1
 |   |   |- Guid:A85A7AD046A0462D176E6889992C1216 BaseClass: NativeClass:/Script/Engine.PostProcessVolume Name:PostProcessVolume_0 Label:PostProcessVolume SpatiallyLoaded:0 Bounds:IsValid=true, Min=(X=0.000 Y=0.000 Z=400.000), Max=(X=200.000 Y=200.000 Z=600.000) RuntimeGrid:None EditorOnly:0 RuntimeOnly:0 HLODRelevant:0 FolderPath:Lighting FolderGuid:08A10B054C95868C663DE39EE4343813
 |   |   |- Guid:A8AF9D2644E9B790B48CDA98A4F6F80B BaseClass: NativeClass:/Script/Engine.StaticMeshActor Name:StaticMeshActor_UAID_2CF05DA93863E4EE01_1118413639 Label:Cube25 SpatiallyLoaded:1 Bounds:IsValid=true, Min=(X=1440.000 Y=3520.000 Z=-10.000), Max=(X=1940.000 Y=3620.000 Z=190.000) RuntimeGrid:None EditorOnly:0 RuntimeOnly:0 HLODRelevant:1
 |   |   |- Guid:ADCC963547E1F5D87F1918A863226F55 BaseClass: NativeClass:/Script/Engine.StaticMeshActor Name:StaticMeshActor_UAID_2CF05DA93863E3EE01_2105187453 Label:Cube15 SpatiallyLoaded:1 Bounds:IsValid=true, Min=(X=2030.000 Y=1250.000 Z=-100.000), Max=(X=2330.000 Y=1550.000 Z=100.000) RuntimeGrid:None EditorOnly:0 RuntimeOnly:0 HLODRelevant:1
 |   |   |- Guid:AE2E23A445D6B17EF072C1850BC734A2 BaseClass: NativeClass:/Script/Engine.StaticMeshActor Name:StaticMeshActor_UAID_2CF05DA93863E4EE01_1183561652 Label:Cube38 SpatiallyLoaded:1 Bounds:IsValid=true, Min=(X=2405.000 Y=3010.000 Z=-20.000), Max=(X=2555.000 Y=4510.000 Z=480.000) RuntimeGrid:None EditorOnly:0 RuntimeOnly:0 HLODRelevant:1
 |   |   |- Guid:AFB729264898D22D906351BAFC0FDE8C BaseClass: NativeClass:/Script/Engine.StaticMeshActor Name:StaticMeshActor_UAID_2CF05DA93863E7EE01_1537070192 Label:Cube49 SpatiallyLoaded:1 Bounds:IsValid=true, Min=(X=2335.000 Y=3830.000 Z=0.000), Max=(X=2485.000 Y=4230.000 Z=300.000) RuntimeGrid:None EditorOnly:0 RuntimeOnly:0 HLODRelevant:1
 |   |   |- Guid:B23C247D4E34A96052E563A19E79FA75 BaseClass: NativeClass:/Script/Engine.ExponentialHeightFog Name:ExponentialHeightFog_1 Label:ExponentialHeightFog SpatiallyLoaded:0 Bounds:IsValid=true, Min=(X=-5600.000 Y=-50.000 Z=-6850.000), Max=(X=-5600.000 Y=-50.000 Z=-6850.000) RuntimeGrid:None EditorOnly:0 RuntimeOnly:0 HLODRelevant:0 FolderPath:Lighting FolderGuid:08A10B054C95868C663DE39EE4343813
 |   |   |- Guid:B4513FB8411B8E970DD67C8D34B04AC3 BaseClass: NativeClass:/Script/CinematicCamera.CineCameraActor Name:CineCameraActor_UAID_2CF05DA93863E4EE01_1343073657 Label:CineCameraActor SpatiallyLoaded:0 Bounds:IsValid=true, Min=(X=570.000 Y=2520.000 Z=140.000), Max=(X=570.000 Y=2520.000 Z=140.000) RuntimeGrid:None EditorOnly:0 RuntimeOnly:0 HLODRelevant:0
 |   |   |- Guid:BC32215F449B20A24FAABEB500971284 BaseClass: NativeClass:/Script/Engine.StaticMeshActor Name:StaticMeshActor_UAID_2CF05DA93863E7EE01_1565234195 Label:Cube52 SpatiallyLoaded:1 Bounds:IsValid=true, Min=(X=2385.000 Y=1220.000 Z=130.000), Max=(X=2535.000 Y=1620.000 Z=430.000) RuntimeGrid:None EditorOnly:0 RuntimeOnly:0 HLODRelevant:1
 |   |   |- Guid:BD430F5245E33ECC56F7628FBABC5D84 BaseClass: NativeClass:/Script/Engine.StaticMeshActor Name:StaticMeshActor_33 Label:SM_Cube SpatiallyLoaded:1 Bounds:IsValid=true, Min=(X=0.000 Y=0.000 Z=-50.000), Max=(X=4000.000 Y=4500.000 Z=0.000) RuntimeGrid:None EditorOnly:0 RuntimeOnly:0 HLODRelevant:1 FolderPath:Playground FolderGuid:8CD33C9A4E75AD59B95486AC740693D6
 |   |   |- Guid:BD751593420DC13F386B959DBEE4F9B8 BaseClass: NativeClass:/Script/Engine.StaticMeshActor Name:StaticMeshActor_UAID_2CF05DA93863E3EE01_2084015451 Label:Cube13 SpatiallyLoaded:1 Bounds:IsValid=true, Min=(X=1730.000 Y=1400.000 Z=-50.000), Max=(X=2030.000 Y=1700.000 Z=150.000) RuntimeGrid:None EditorOnly:0 RuntimeOnly:0 HLODRelevant:1
 |   |   |- Guid:C30706F94A6E60C2311F9692502C3F63 BaseClass: NativeClass:/Script/Engine.StaticMeshActor Name:StaticMeshActor_UAID_2CF05DA93863E4EE01_1266253655 Label:Cube41 SpatiallyLoaded:1 Bounds:IsValid=true, Min=(X=2545.000 Y=-10.000 Z=-220.000), Max=(X=2695.000 Y=1490.000 Z=280.000) RuntimeGrid:None EditorOnly:0 RuntimeOnly:0 HLODRelevant:1
 |   |   |- Guid:C726A3284B806D4C379405885740B688 BaseClass: NativeClass:/Script/Engine.PlayerStart Name:PlayerStart_0 Label:PlayerStart SpatiallyLoaded:0 Bounds:IsValid=true, Min=(X=2200.000 Y=2460.000 Z=0.013), Max=(X=2280.000 Y=2540.000 Z=184.013) RuntimeGrid:None EditorOnly:0 RuntimeOnly:0 HLODRelevant:0
 |   |   |- Guid:C743DA9D469D3D2C766327B74230AF8D BaseClass: NativeClass:/Script/Engine.StaticMeshActor Name:StaticMeshActor_UAID_2CF05DA93863E7EE01_1617517198 Label:Cube55 SpatiallyLoaded:1 Bounds:IsValid=true, Min=(X=2295.000 Y=1870.000 Z=-30.000), Max=(X=2445.000 Y=2070.000 Z=270.000) RuntimeGrid:None EditorOnly:0 RuntimeOnly:0 HLODRelevant:1
 |   |   |- Guid:CA44E8544B47DD106CFF87B9977F946C BaseClass: NativeClass:/Script/Engine.StaticMeshActor Name:StaticMeshActor_UAID_2CF05DA93863E3EE01_2084013449 Label:Cube11 SpatiallyLoaded:1 Bounds:IsValid=true, Min=(X=1930.000 Y=1530.000 Z=0.000), Max=(X=2230.000 Y=1830.000 Z=200.000) RuntimeGrid:None EditorOnly:0 RuntimeOnly:0 HLODRelevant:1
 |   |   |- Guid:CE29D3D74AF204F28B4A18BAC9A533D3 BaseClass: NativeClass:/Script/Engine.StaticMeshActor Name:StaticMeshActor_UAID_2CF05DA93863E7EE01_1554940194 Label:Cube51 SpatiallyLoaded:1 Bounds:IsValid=true, Min=(X=2375.000 Y=630.000 Z=80.000), Max=(X=2525.000 Y=1030.000 Z=380.000) RuntimeGrid:None EditorOnly:0 RuntimeOnly:0 HLODRelevant:1
 |   |   |- Guid:DB808B324FF5325EA15C57B0726D2107 BaseClass: NativeClass:/Script/Engine.StaticMeshActor Name:StaticMeshActor_UAID_2CF05DA93863E3EE01_2084013448 Label:Cube10 SpatiallyLoaded:1 Bounds:IsValid=true, Min=(X=1660.000 Y=2160.000 Z=-60.000), Max=(X=1860.000 Y=2260.000 Z=140.000) RuntimeGrid:None EditorOnly:0 RuntimeOnly:0 HLODRelevant:1
 |   |   |- Guid:E1CEFB5545C06EAFAD29BEA78BE2F5E4 BaseClass: NativeClass:/Script/Engine.StaticMeshActor Name:StaticMeshActor_UAID_2CF05DA93863E3EE01_2039327446 Label:Cube8 SpatiallyLoaded:1 Bounds:IsValid=true, Min=(X=1440.000 Y=2940.000 Z=-110.000), Max=(X=1640.000 Y=3040.000 Z=90.000) RuntimeGrid:None EditorOnly:0 RuntimeOnly:0 HLODRelevant:1
 |   |   |- Guid:E7B07840472DF77CBD9445BBAAE9A6C1 BaseClass: NativeClass:/Script/Engine.StaticMeshActor Name:StaticMeshActor_UAID_2CF05DA93863E4EE01_1144746649 Label:Cube35 SpatiallyLoaded:1 Bounds:IsValid=true, Min=(X=1690.000 Y=260.000 Z=-50.000), Max=(X=1990.000 Y=560.000 Z=150.000) RuntimeGrid:None EditorOnly:0 RuntimeOnly:0 HLODRelevant:1
 |   |   |- Guid:E7C88B004DFFF4BE08155AB223A0EF2C BaseClass: NativeClass:/Script/Engine.SkyAtmosphere Name:SkyAtmosphere_1 Label:SkyAtmosphere SpatiallyLoaded:0 Bounds:IsValid=true, Min=(X=0.000 Y=0.000 Z=1020.000), Max=(X=0.000 Y=0.000 Z=1020.000) RuntimeGrid:None EditorOnly:0 RuntimeOnly:0 HLODRelevant:0 FolderPath:Lighting FolderGuid:08A10B054C95868C663DE39EE4343813
 |   |   |- Guid:EAA4392E45C2500000C692B8A16D01F3 BaseClass: NativeClass:/Script/Engine.StaticMeshActor Name:StaticMeshActor_UAID_2CF05DA93863E3EE01_2130144454 Label:Cube16 SpatiallyLoaded:1 Bounds:IsValid=true, Min=(X=1430.000 Y=2580.000 Z=0.000), Max=(X=1930.000 Y=2680.000 Z=200.000) RuntimeGrid:None EditorOnly:0 RuntimeOnly:0 HLODRelevant:1
 |   |   |- Guid:EACFB9F648D2BF574E7331884ED24E07 BaseClass: NativeClass:/Script/Engine.StaticMeshActor Name:StaticMeshActor_UAID_2CF05DA93863E4EE01_1137753640 Label:Cube26 SpatiallyLoaded:1 Bounds:IsValid=true, Min=(X=1470.000 Y=620.000 Z=0.000), Max=(X=1770.000 Y=920.000 Z=200.000) RuntimeGrid:None EditorOnly:0 RuntimeOnly:0 HLODRelevant:1
 |   |   |- Guid:EE6BE7B643577E81C387E2BE8D5E7193 BaseClass: NativeClass:/Script/Engine.StaticMeshActor Name:StaticMeshActor_UAID_2CF05DA93863E7EE01_1424269189 Label:Cube46 SpatiallyLoaded:1 Bounds:IsValid=true, Min=(X=1930.000 Y=4010.000 Z=-80.000), Max=(X=2230.000 Y=4310.000 Z=120.000) RuntimeGrid:None EditorOnly:0 RuntimeOnly:0 HLODRelevant:1
 |   |   |- Guid:F116D0404B7D64DAB5BE83AA094F4A12 BaseClass: NativeClass:/Script/Engine.StaticMeshActor Name:StaticMeshActor_UAID_2CF05DA93863E4EE01_1118411636 Label:Cube22 SpatiallyLoaded:1 Bounds:IsValid=true, Min=(X=1650.000 Y=3990.000 Z=-120.000), Max=(X=1850.000 Y=4090.000 Z=80.000) RuntimeGrid:None EditorOnly:0 RuntimeOnly:0 HLODRelevant:1
 |   |   |- Guid:F475A77C4FF8AB840782B4BCA3DAF91E BaseClass: NativeClass:/Script/Engine.StaticMeshActor Name:StaticMeshActor_UAID_2CF05DA93863E4EE01_1144747651 Label:Cube37 SpatiallyLoaded:1 Bounds:IsValid=true, Min=(X=1990.000 Y=110.000 Z=-100.000), Max=(X=2290.000 Y=410.000 Z=100.000) RuntimeGrid:None EditorOnly:0 RuntimeOnly:0 HLODRelevant:1
 |   |   |- Guid:FB95CEA44C27536CBEB568A2B2AFDBA0 BaseClass: NativeClass:/Script/Engine.StaticMeshActor Name:StaticMeshActor_UAID_2CF05DA93863E4EE01_1118409634 Label:Cube20 SpatiallyLoaded:1 Bounds:IsValid=true, Min=(X=1460.000 Y=4340.000 Z=-120.000), Max=(X=1660.000 Y=4440.000 Z=80.000) RuntimeGrid:None EditorOnly:0 RuntimeOnly:0 HLODRelevant:1
 |   |- [+] Clusters:
 |   |   |- [+] [  0]
 |   |   |   |- Guid:788903924598EC8109F9709A8AB41C0D BaseClass: NativeClass:/Script/Engine.WorldDataLayers Name:WorldDataLayers Label:WorldDataLayers-1 SpatiallyLoaded:0 Bounds:IsValid=true, Min=(X=0.000 Y=0.000 Z=0.000), Max=(X=0.000 Y=0.000 Z=0.000) RuntimeGrid:None EditorOnly:0 RuntimeOnly:0 HLODRelevant:0
 |   |   |- [+] [  1]
 |   |   |   |- Guid:A85A7AD046A0462D176E6889992C1216 BaseClass: NativeClass:/Script/Engine.PostProcessVolume Name:PostProcessVolume_0 Label:PostProcessVolume SpatiallyLoaded:0 Bounds:IsValid=true, Min=(X=0.000 Y=0.000 Z=400.000), Max=(X=200.000 Y=200.000 Z=600.000) RuntimeGrid:None EditorOnly:0 RuntimeOnly:0 HLODRelevant:0 FolderPath:Lighting FolderGuid:08A10B054C95868C663DE39EE4343813
 |   |   |- [+] [  2]
 |   |   |   |- Guid:9FFE6665469AE829D82050A8B1F67178 BaseClass: NativeClass:/Script/Engine.DirectionalLight Name:DirectionalLight_1 Label:DirectionalLight SpatiallyLoaded:0 Bounds:IsValid=true, Min=(X=-1048576.000 Y=-1048576.000 Z=-1048576.000), Max=(X=1048576.000 Y=1048576.000 Z=1048576.000) RuntimeGrid:None EditorOnly:0 RuntimeOnly:0 HLODRelevant:0 FolderPath:Lighting FolderGuid:08A10B054C95868C663DE39EE4343813
 |   |   |- [+] [  3]
 |   |   |   |- Guid:4F7B735A44E12B4B031927A9FC21C460 BaseClass: NativeClass:/Script/Engine.VolumetricCloud Name:VolumetricCloud_1 Label:VolumetricCloud SpatiallyLoaded:0 Bounds:IsValid=true, Min=(X=0.000 Y=0.000 Z=820.000), Max=(X=0.000 Y=0.000 Z=820.000) RuntimeGrid:None EditorOnly:0 RuntimeOnly:0 HLODRelevant:0 FolderPath:Lighting FolderGuid:08A10B054C95868C663DE39EE4343813
 |   |   |- [+] [  4]
 |   |   |   |- Guid:5C7C5C40408F48C386D06CA03AB130C2 BaseClass: NativeClass:/Script/Engine.StaticMeshActor Name:StaticMeshActor_UAID_A4AE111137DC5EFB00_1594956423 Label:SM_SkySphere SpatiallyLoaded:0 Bounds:IsValid=true, Min=(X=-1638400.000 Y=-1638400.000 Z=-1638400.000), Max=(X=1638400.000 Y=1638400.000 Z=1638400.000) RuntimeGrid:None EditorOnly:0 RuntimeOnly:0 HLODRelevant:1 FolderPath:Lighting FolderGuid:08A10B054C95868C663DE39EE4343813
 |   |   |- [+] [  5]
 |   |   |   |- Guid:BD430F5245E33ECC56F7628FBABC5D84 BaseClass: NativeClass:/Script/Engine.StaticMeshActor Name:StaticMeshActor_33 Label:SM_Cube SpatiallyLoaded:1 Bounds:IsValid=true, Min=(X=0.000 Y=0.000 Z=-50.000), Max=(X=4000.000 Y=4500.000 Z=0.000) RuntimeGrid:None EditorOnly:0 RuntimeOnly:0 HLODRelevant:1 FolderPath:Playground FolderGuid:8CD33C9A4E75AD59B95486AC740693D6
 |   |   |- [+] [  6]
 |   |   |   |- Guid:174DF71143EA367D14F3838C26CC06DF BaseClass: NativeClass:/Script/Engine.SkyLight Name:SkyLight_0 Label:SkyLight SpatiallyLoaded:0 Bounds:IsValid=true, Min=(X=0.000 Y=0.000 Z=690.000), Max=(X=0.000 Y=0.000 Z=690.000) RuntimeGrid:None EditorOnly:0 RuntimeOnly:0 HLODRelevant:0 FolderPath:Lighting FolderGuid:08A10B054C95868C663DE39EE4343813
 |   |   |- [+] [  7]
 |   |   |   |- Guid:E7C88B004DFFF4BE08155AB223A0EF2C BaseClass: NativeClass:/Script/Engine.SkyAtmosphere Name:SkyAtmosphere_1 Label:SkyAtmosphere SpatiallyLoaded:0 Bounds:IsValid=true, Min=(X=0.000 Y=0.000 Z=1020.000), Max=(X=0.000 Y=0.000 Z=1020.000) RuntimeGrid:None EditorOnly:0 RuntimeOnly:0 HLODRelevant:0 FolderPath:Lighting FolderGuid:08A10B054C95868C663DE39EE4343813
 |   |   |- [+] [  8]
 |   |   |   |- Guid:B23C247D4E34A96052E563A19E79FA75 BaseClass: NativeClass:/Script/Engine.ExponentialHeightFog Name:ExponentialHeightFog_1 Label:ExponentialHeightFog SpatiallyLoaded:0 Bounds:IsValid=true, Min=(X=-5600.000 Y=-50.000 Z=-6850.000), Max=(X=-5600.000 Y=-50.000 Z=-6850.000) RuntimeGrid:None EditorOnly:0 RuntimeOnly:0 HLODRelevant:0 FolderPath:Lighting FolderGuid:08A10B054C95868C663DE39EE4343813
 |   |   |- [+] [  9]
 |   |   |   |- Guid:C726A3284B806D4C379405885740B688 BaseClass: NativeClass:/Script/Engine.PlayerStart Name:PlayerStart_0 Label:PlayerStart SpatiallyLoaded:0 Bounds:IsValid=true, Min=(X=2200.000 Y=2460.000 Z=0.013), Max=(X=2280.000 Y=2540.000 Z=184.013) RuntimeGrid:None EditorOnly:0 RuntimeOnly:0 HLODRelevant:0
 |   |   |- [+] [ 10]
 |   |   |   |- Guid:55A5A51740AD3BDB82C10A89F036BAAD BaseClass: NativeClass:/Script/Engine.StaticMeshActor Name:StaticMeshActor_UAID_2CF05DA93863E2EE01_1958573263 Label:Cube SpatiallyLoaded:1 Bounds:IsValid=true, Min=(X=1520.000 Y=1200.000 Z=0.000), Max=(X=1820.000 Y=1500.000 Z=200.000) RuntimeGrid:None EditorOnly:0 RuntimeOnly:0 HLODRelevant:1
 |   |   |- [+] [ 11]
 |   |   |   |- Guid:309F7E1640381650EC6B29B978C1AD29 BaseClass: NativeClass:/Script/Engine.StaticMeshActor Name:StaticMeshActor_UAID_2CF05DA93863E3EE01_1990470440 Label:Cube2 SpatiallyLoaded:1 Bounds:IsValid=true, Min=(X=1440.000 Y=1480.000 Z=-60.000), Max=(X=1640.000 Y=1580.000 Z=140.000) RuntimeGrid:None EditorOnly:0 RuntimeOnly:0 HLODRelevant:1
 |   |   |- [+] [ 12]
 |   |   |   |- Guid:6642EED3485A9AABCA97DFB852DC2FA4 BaseClass: NativeClass:/Script/Engine.StaticMeshActor Name:StaticMeshActor_UAID_2CF05DA93863E3EE01_2026805441 Label:Cube3 SpatiallyLoaded:1 Bounds:IsValid=true, Min=(X=1530.000 Y=3140.000 Z=0.000), Max=(X=1830.000 Y=3440.000 Z=200.000) RuntimeGrid:None EditorOnly:0 RuntimeOnly:0 HLODRelevant:1
 |   |   |- [+] [ 13]
 |   |   |   |- Guid:A42CF890469EEA59FFCC61A13800D6AB BaseClass: NativeClass:/Script/Engine.StaticMeshActor Name:StaticMeshActor_UAID_2CF05DA93863E3EE01_2026806442 Label:Cube4 SpatiallyLoaded:1 Bounds:IsValid=true, Min=(X=1450.000 Y=3420.000 Z=-60.000), Max=(X=1650.000 Y=3520.000 Z=140.000) RuntimeGrid:None EditorOnly:0 RuntimeOnly:0 HLODRelevant:1
 |   |   |- [+] [ 14]
 |   |   |   |- Guid:A48F868A4B8F13771BD2F192EBB387DA BaseClass: NativeClass:/Script/Engine.StaticMeshActor Name:StaticMeshActor_UAID_2CF05DA93863E3EE01_2031596443 Label:Cube5 SpatiallyLoaded:1 Bounds:IsValid=true, Min=(X=1720.000 Y=2790.000 Z=0.000), Max=(X=2020.000 Y=3090.000 Z=200.000) RuntimeGrid:None EditorOnly:0 RuntimeOnly:0 HLODRelevant:1
 |   |   |- [+] [ 15]
 |   |   |   |- Guid:27E6A0FD4C6E6047DBA207907A1CBB23 BaseClass: NativeClass:/Script/Engine.StaticMeshActor Name:StaticMeshActor_UAID_2CF05DA93863E3EE01_2031598444 Label:Cube6 SpatiallyLoaded:1 Bounds:IsValid=true, Min=(X=1640.000 Y=3070.000 Z=-60.000), Max=(X=1840.000 Y=3170.000 Z=140.000) RuntimeGrid:None EditorOnly:0 RuntimeOnly:0 HLODRelevant:1
 |   |   |- [+] [ 16]
 |   |   |   |- Guid:4B46168147F09251B56544A6E7C08AFC BaseClass: NativeClass:/Script/Engine.StaticMeshActor Name:StaticMeshActor_UAID_2CF05DA93863E3EE01_2039326445 Label:Cube7 SpatiallyLoaded:1 Bounds:IsValid=true, Min=(X=1520.000 Y=2660.000 Z=-50.000), Max=(X=1820.000 Y=2960.000 Z=150.000) RuntimeGrid:None EditorOnly:0 RuntimeOnly:0 HLODRelevant:1
 |   |   |- [+] [ 17]
 |   |   |   |- Guid:E1CEFB5545C06EAFAD29BEA78BE2F5E4 BaseClass: NativeClass:/Script/Engine.StaticMeshActor Name:StaticMeshActor_UAID_2CF05DA93863E3EE01_2039327446 Label:Cube8 SpatiallyLoaded:1 Bounds:IsValid=true, Min=(X=1440.000 Y=2940.000 Z=-110.000), Max=(X=1640.000 Y=3040.000 Z=90.000) RuntimeGrid:None EditorOnly:0 RuntimeOnly:0 HLODRelevant:1
 |   |   |- [+] [ 18]
 |   |   |   |- Guid:49AAA0F44D39799469F52DBFE0AB6390 BaseClass: NativeClass:/Script/Engine.StaticMeshActor Name:StaticMeshActor_UAID_2CF05DA93863E3EE01_2084011447 Label:Cube9 SpatiallyLoaded:1 Bounds:IsValid=true, Min=(X=1740.000 Y=1880.000 Z=0.000), Max=(X=2040.000 Y=2180.000 Z=200.000) RuntimeGrid:None EditorOnly:0 RuntimeOnly:0 HLODRelevant:1
 |   |   |- [+] [ 19]
 |   |   |   |- Guid:DB808B324FF5325EA15C57B0726D2107 BaseClass: NativeClass:/Script/Engine.StaticMeshActor Name:StaticMeshActor_UAID_2CF05DA93863E3EE01_2084013448 Label:Cube10 SpatiallyLoaded:1 Bounds:IsValid=true, Min=(X=1660.000 Y=2160.000 Z=-60.000), Max=(X=1860.000 Y=2260.000 Z=140.000) RuntimeGrid:None EditorOnly:0 RuntimeOnly:0 HLODRelevant:1
 |   |   |- [+] [ 20]
 |   |   |   |- Guid:CA44E8544B47DD106CFF87B9977F946C BaseClass: NativeClass:/Script/Engine.StaticMeshActor Name:StaticMeshActor_UAID_2CF05DA93863E3EE01_2084013449 Label:Cube11 SpatiallyLoaded:1 Bounds:IsValid=true, Min=(X=1930.000 Y=1530.000 Z=0.000), Max=(X=2230.000 Y=1830.000 Z=200.000) RuntimeGrid:None EditorOnly:0 RuntimeOnly:0 HLODRelevant:1
 |   |   |- [+] [ 21]
 |   |   |   |- Guid:79036F244EC62B2DE91C9CBE1F9CAFE1 BaseClass: NativeClass:/Script/Engine.StaticMeshActor Name:StaticMeshActor_UAID_2CF05DA93863E3EE01_2084014450 Label:Cube12 SpatiallyLoaded:1 Bounds:IsValid=true, Min=(X=1850.000 Y=1810.000 Z=-60.000), Max=(X=2050.000 Y=1910.000 Z=140.000) RuntimeGrid:None EditorOnly:0 RuntimeOnly:0 HLODRelevant:1
 |   |   |- [+] [ 22]
 |   |   |   |- Guid:BD751593420DC13F386B959DBEE4F9B8 BaseClass: NativeClass:/Script/Engine.StaticMeshActor Name:StaticMeshActor_UAID_2CF05DA93863E3EE01_2084015451 Label:Cube13 SpatiallyLoaded:1 Bounds:IsValid=true, Min=(X=1730.000 Y=1400.000 Z=-50.000), Max=(X=2030.000 Y=1700.000 Z=150.000) RuntimeGrid:None EditorOnly:0 RuntimeOnly:0 HLODRelevant:1
 |   |   |- [+] [ 23]
 |   |   |   |- Guid:9A4A5B6943BF438340258592C3B5673C BaseClass: NativeClass:/Script/Engine.StaticMeshActor Name:StaticMeshActor_UAID_2CF05DA93863E3EE01_2084015452 Label:Cube14 SpatiallyLoaded:1 Bounds:IsValid=true, Min=(X=1650.000 Y=1680.000 Z=-110.000), Max=(X=1850.000 Y=1780.000 Z=90.000) RuntimeGrid:None EditorOnly:0 RuntimeOnly:0 HLODRelevant:1
 |   |   |- [+] [ 24]
 |   |   |   |- Guid:ADCC963547E1F5D87F1918A863226F55 BaseClass: NativeClass:/Script/Engine.StaticMeshActor Name:StaticMeshActor_UAID_2CF05DA93863E3EE01_2105187453 Label:Cube15 SpatiallyLoaded:1 Bounds:IsValid=true, Min=(X=2030.000 Y=1250.000 Z=-100.000), Max=(X=2330.000 Y=1550.000 Z=100.000) RuntimeGrid:None EditorOnly:0 RuntimeOnly:0 HLODRelevant:1
 |   |   |- [+] [ 25]
 |   |   |   |- Guid:EAA4392E45C2500000C692B8A16D01F3 BaseClass: NativeClass:/Script/Engine.StaticMeshActor Name:StaticMeshActor_UAID_2CF05DA93863E3EE01_2130144454 Label:Cube16 SpatiallyLoaded:1 Bounds:IsValid=true, Min=(X=1430.000 Y=2580.000 Z=0.000), Max=(X=1930.000 Y=2680.000 Z=200.000) RuntimeGrid:None EditorOnly:0 RuntimeOnly:0 HLODRelevant:1
 |   |   |- [+] [ 26]
 |   |   |   |- Guid:071715B54CBB9E8A203CD88D67313BBB BaseClass: NativeClass:/Script/Engine.StaticMeshActor Name:StaticMeshActor_UAID_2CF05DA93863E4EE01_1076741631 Label:Cube17 SpatiallyLoaded:1 Bounds:IsValid=true, Min=(X=1510.000 Y=2240.000 Z=-50.000), Max=(X=2010.000 Y=2340.000 Z=150.000) RuntimeGrid:None EditorOnly:0 RuntimeOnly:0 HLODRelevant:1
 |   |   |- [+] [ 27]
 |   |   |   |- Guid:1393459247B2D7AF1329AA828D17D817 BaseClass: NativeClass:/Script/Engine.StaticMeshActor Name:StaticMeshActor_UAID_2CF05DA93863E4EE01_1085860632 Label:Cube18 SpatiallyLoaded:1 Bounds:IsValid=true, Min=(X=1640.000 Y=2320.000 Z=-80.000), Max=(X=2140.000 Y=2420.000 Z=120.000) RuntimeGrid:None EditorOnly:0 RuntimeOnly:0 HLODRelevant:1
 |   |   |- [+] [ 28]
 |   |   |   |- Guid:0DCC69694B2FDBDD862E1CB1A765BCF3 BaseClass: NativeClass:/Script/Engine.StaticMeshActor Name:StaticMeshActor_UAID_2CF05DA93863E4EE01_1118408633 Label:Cube19 SpatiallyLoaded:1 Bounds:IsValid=true, Min=(X=1540.000 Y=4060.000 Z=-60.000), Max=(X=1840.000 Y=4360.000 Z=140.000) RuntimeGrid:None EditorOnly:0 RuntimeOnly:0 HLODRelevant:1
 |   |   |- [+] [ 29]
 |   |   |   |- Guid:FB95CEA44C27536CBEB568A2B2AFDBA0 BaseClass: NativeClass:/Script/Engine.StaticMeshActor Name:StaticMeshActor_UAID_2CF05DA93863E4EE01_1118409634 Label:Cube20 SpatiallyLoaded:1 Bounds:IsValid=true, Min=(X=1460.000 Y=4340.000 Z=-120.000), Max=(X=1660.000 Y=4440.000 Z=80.000) RuntimeGrid:None EditorOnly:0 RuntimeOnly:0 HLODRelevant:1
 |   |   |- [+] [ 30]
 |   |   |   |- Guid:8C2112244882705C72CB9C8BCD0D8E4D BaseClass: NativeClass:/Script/Engine.StaticMeshActor Name:StaticMeshActor_UAID_2CF05DA93863E4EE01_1118410635 Label:Cube21 SpatiallyLoaded:1 Bounds:IsValid=true, Min=(X=1730.000 Y=3710.000 Z=-60.000), Max=(X=2030.000 Y=4010.000 Z=140.000) RuntimeGrid:None EditorOnly:0 RuntimeOnly:0 HLODRelevant:1
 |   |   |- [+] [ 31]
 |   |   |   |- Guid:F116D0404B7D64DAB5BE83AA094F4A12 BaseClass: NativeClass:/Script/Engine.StaticMeshActor Name:StaticMeshActor_UAID_2CF05DA93863E4EE01_1118411636 Label:Cube22 SpatiallyLoaded:1 Bounds:IsValid=true, Min=(X=1650.000 Y=3990.000 Z=-120.000), Max=(X=1850.000 Y=4090.000 Z=80.000) RuntimeGrid:None EditorOnly:0 RuntimeOnly:0 HLODRelevant:1
 |   |   |- [+] [ 32]
 |   |   |   |- Guid:095928644B0F3EDD292834BC49BFE137 BaseClass: NativeClass:/Script/Engine.StaticMeshActor Name:StaticMeshActor_UAID_2CF05DA93863E4EE01_1118411637 Label:Cube23 SpatiallyLoaded:1 Bounds:IsValid=true, Min=(X=1530.000 Y=3580.000 Z=-110.000), Max=(X=1830.000 Y=3880.000 Z=90.000) RuntimeGrid:None EditorOnly:0 RuntimeOnly:0 HLODRelevant:1
 |   |   |- [+] [ 33]
 |   |   |   |- Guid:4927730541B8965BA63433A9610849D4 BaseClass: NativeClass:/Script/Engine.StaticMeshActor Name:StaticMeshActor_UAID_2CF05DA93863E4EE01_1118412638 Label:Cube24 SpatiallyLoaded:1 Bounds:IsValid=true, Min=(X=1450.000 Y=3860.000 Z=-170.000), Max=(X=1650.000 Y=3960.000 Z=30.000) RuntimeGrid:None EditorOnly:0 RuntimeOnly:0 HLODRelevant:1
 |   |   |- [+] [ 34]
 |   |   |   |- Guid:A8AF9D2644E9B790B48CDA98A4F6F80B BaseClass: NativeClass:/Script/Engine.StaticMeshActor Name:StaticMeshActor_UAID_2CF05DA93863E4EE01_1118413639 Label:Cube25 SpatiallyLoaded:1 Bounds:IsValid=true, Min=(X=1440.000 Y=3520.000 Z=-10.000), Max=(X=1940.000 Y=3620.000 Z=190.000) RuntimeGrid:None EditorOnly:0 RuntimeOnly:0 HLODRelevant:1
 |   |   |- [+] [ 35]
 |   |   |   |- Guid:EACFB9F648D2BF574E7331884ED24E07 BaseClass: NativeClass:/Script/Engine.StaticMeshActor Name:StaticMeshActor_UAID_2CF05DA93863E4EE01_1137753640 Label:Cube26 SpatiallyLoaded:1 Bounds:IsValid=true, Min=(X=1470.000 Y=620.000 Z=0.000), Max=(X=1770.000 Y=920.000 Z=200.000) RuntimeGrid:None EditorOnly:0 RuntimeOnly:0 HLODRelevant:1
 |   |   |- [+] [ 36]
 |   |   |   |- Guid:48C8A548462BADD952FF60B2DB450BE0 BaseClass: NativeClass:/Script/Engine.StaticMeshActor Name:StaticMeshActor_UAID_2CF05DA93863E4EE01_1137755641 Label:Cube27 SpatiallyLoaded:1 Bounds:IsValid=true, Min=(X=1390.000 Y=900.000 Z=-60.000), Max=(X=1590.000 Y=1000.000 Z=140.000) RuntimeGrid:None EditorOnly:0 RuntimeOnly:0 HLODRelevant:1
 |   |   |- [+] [ 37]
 |   |   |   |- Guid:5CE883734C1A6DCBCC6F01BD75A80249 BaseClass: NativeClass:/Script/Engine.StaticMeshActor Name:StaticMeshActor_UAID_2CF05DA93863E4EE01_1137755642 Label:Cube28 SpatiallyLoaded:1 Bounds:IsValid=true, Min=(X=1880.000 Y=950.000 Z=0.000), Max=(X=2180.000 Y=1250.000 Z=200.000) RuntimeGrid:None EditorOnly:0 RuntimeOnly:0 HLODRelevant:1
 |   |   |- [+] [ 38]
 |   |   |   |- Guid:68B68354435189A072D30A889F29530A BaseClass: NativeClass:/Script/Engine.StaticMeshActor Name:StaticMeshActor_UAID_2CF05DA93863E4EE01_1137756643 Label:Cube29 SpatiallyLoaded:1 Bounds:IsValid=true, Min=(X=1680.000 Y=820.000 Z=-50.000), Max=(X=1980.000 Y=1120.000 Z=150.000) RuntimeGrid:None EditorOnly:0 RuntimeOnly:0 HLODRelevant:1
 |   |   |- [+] [ 39]
 |   |   |   |- Guid:96D80EA74FF745DF791CD7BF4FCA267B BaseClass: NativeClass:/Script/Engine.StaticMeshActor Name:StaticMeshActor_UAID_2CF05DA93863E4EE01_1137757644 Label:Cube30 SpatiallyLoaded:1 Bounds:IsValid=true, Min=(X=1600.000 Y=1100.000 Z=-110.000), Max=(X=1800.000 Y=1200.000 Z=90.000) RuntimeGrid:None EditorOnly:0 RuntimeOnly:0 HLODRelevant:1
 |   |   |- [+] [ 40]
 |   |   |   |- Guid:8DFDD50D48487F40A9E8E3A804150C9B BaseClass: NativeClass:/Script/Engine.StaticMeshActor Name:StaticMeshActor_UAID_2CF05DA93863E4EE01_1137758645 Label:Cube31 SpatiallyLoaded:1 Bounds:IsValid=true, Min=(X=1980.000 Y=670.000 Z=-100.000), Max=(X=2280.000 Y=970.000 Z=100.000) RuntimeGrid:None EditorOnly:0 RuntimeOnly:0 HLODRelevant:1
 |   |   |- [+] [ 41]
 |   |   |   |- Guid:09B45353438647DF896B8092C625FD6A BaseClass: NativeClass:/Script/Engine.StaticMeshActor Name:StaticMeshActor_UAID_2CF05DA93863E4EE01_1144743646 Label:Cube32 SpatiallyLoaded:1 Bounds:IsValid=true, Min=(X=1480.000 Y=60.000 Z=0.000), Max=(X=1780.000 Y=360.000 Z=200.000) RuntimeGrid:None EditorOnly:0 RuntimeOnly:0 HLODRelevant:1
 |   |   |- [+] [ 42]
 |   |   |   |- Guid:95C64E7244CA4CEF61660AAD3469A383 BaseClass: NativeClass:/Script/Engine.StaticMeshActor Name:StaticMeshActor_UAID_2CF05DA93863E4EE01_1144745647 Label:Cube33 SpatiallyLoaded:1 Bounds:IsValid=true, Min=(X=1400.000 Y=340.000 Z=-60.000), Max=(X=1600.000 Y=440.000 Z=140.000) RuntimeGrid:None EditorOnly:0 RuntimeOnly:0 HLODRelevant:1
 |   |   |- [+] [ 43]
 |   |   |   |- Guid:8732122040E8A20EB4B9FC88CBD47478 BaseClass: NativeClass:/Script/Engine.StaticMeshActor Name:StaticMeshActor_UAID_2CF05DA93863E4EE01_1144745648 Label:Cube34 SpatiallyLoaded:1 Bounds:IsValid=true, Min=(X=1890.000 Y=390.000 Z=0.000), Max=(X=2190.000 Y=690.000 Z=200.000) RuntimeGrid:None EditorOnly:0 RuntimeOnly:0 HLODRelevant:1
 |   |   |- [+] [ 44]
 |   |   |   |- Guid:E7B07840472DF77CBD9445BBAAE9A6C1 BaseClass: NativeClass:/Script/Engine.StaticMeshActor Name:StaticMeshActor_UAID_2CF05DA93863E4EE01_1144746649 Label:Cube35 SpatiallyLoaded:1 Bounds:IsValid=true, Min=(X=1690.000 Y=260.000 Z=-50.000), Max=(X=1990.000 Y=560.000 Z=150.000) RuntimeGrid:None EditorOnly:0 RuntimeOnly:0 HLODRelevant:1
 |   |   |- [+] [ 45]
 |   |   |   |- Guid:7B6A176E4CA8B2D1207245BCCC198BF5 BaseClass: NativeClass:/Script/Engine.StaticMeshActor Name:StaticMeshActor_UAID_2CF05DA93863E4EE01_1144746650 Label:Cube36 SpatiallyLoaded:1 Bounds:IsValid=true, Min=(X=1610.000 Y=540.000 Z=-110.000), Max=(X=1810.000 Y=640.000 Z=90.000) RuntimeGrid:None EditorOnly:0 RuntimeOnly:0 HLODRelevant:1
 |   |   |- [+] [ 46]
 |   |   |   |- Guid:F475A77C4FF8AB840782B4BCA3DAF91E BaseClass: NativeClass:/Script/Engine.StaticMeshActor Name:StaticMeshActor_UAID_2CF05DA93863E4EE01_1144747651 Label:Cube37 SpatiallyLoaded:1 Bounds:IsValid=true, Min=(X=1990.000 Y=110.000 Z=-100.000), Max=(X=2290.000 Y=410.000 Z=100.000) RuntimeGrid:None EditorOnly:0 RuntimeOnly:0 HLODRelevant:1
 |   |   |- [+] [ 47]
 |   |   |   |- Guid:AE2E23A445D6B17EF072C1850BC734A2 BaseClass: NativeClass:/Script/Engine.StaticMeshActor Name:StaticMeshActor_UAID_2CF05DA93863E4EE01_1183561652 Label:Cube38 SpatiallyLoaded:1 Bounds:IsValid=true, Min=(X=2405.000 Y=3010.000 Z=-20.000), Max=(X=2555.000 Y=4510.000 Z=480.000) RuntimeGrid:None EditorOnly:0 RuntimeOnly:0 HLODRelevant:1
 |   |   |- [+] [ 48]
 |   |   |   |- Guid:15727B7847164F4CEF9437AB21B3CF31 BaseClass: NativeClass:/Script/Engine.StaticMeshActor Name:StaticMeshActor_UAID_2CF05DA93863E4EE01_1238945653 Label:Cube39 SpatiallyLoaded:1 Bounds:IsValid=true, Min=(X=2485.000 Y=2020.000 Z=-100.000), Max=(X=2635.000 Y=3520.000 Z=400.000) RuntimeGrid:None EditorOnly:0 RuntimeOnly:0 HLODRelevant:1
 |   |   |- [+] [ 49]
 |   |   |   |- Guid:08F2BE694988520338477AB9FF0D503E BaseClass: NativeClass:/Script/Engine.StaticMeshActor Name:StaticMeshActor_UAID_2CF05DA93863E4EE01_1249892654 Label:Cube40 SpatiallyLoaded:1 Bounds:IsValid=true, Min=(X=2435.000 Y=580.000 Z=-150.000), Max=(X=2585.000 Y=2080.000 Z=350.000) RuntimeGrid:None EditorOnly:0 RuntimeOnly:0 HLODRelevant:1
 |   |   |- [+] [ 50]
 |   |   |   |- Guid:C30706F94A6E60C2311F9692502C3F63 BaseClass: NativeClass:/Script/Engine.StaticMeshActor Name:StaticMeshActor_UAID_2CF05DA93863E4EE01_1266253655 Label:Cube41 SpatiallyLoaded:1 Bounds:IsValid=true, Min=(X=2545.000 Y=-10.000 Z=-220.000), Max=(X=2695.000 Y=1490.000 Z=280.000) RuntimeGrid:None EditorOnly:0 RuntimeOnly:0 HLODRelevant:1
 |   |   |- [+] [ 51]
 |   |   |   |- Guid:66F779F44E2D5B89EBF363B644A77A3F BaseClass: NativeClass:/Script/Engine.StaticMeshActor Name:StaticMeshActor_UAID_2CF05DA93863E4EE01_1291084656 Label:Cube42 SpatiallyLoaded:1 Bounds:IsValid=true, Min=(X=2395.000 Y=2330.000 Z=0.000), Max=(X=2545.000 Y=2730.000 Z=300.000) RuntimeGrid:None EditorOnly:0 RuntimeOnly:0 HLODRelevant:1
 |   |   |- [+] [ 52]
 |   |   |   |- Guid:B4513FB8411B8E970DD67C8D34B04AC3 BaseClass: NativeClass:/Script/CinematicCamera.CineCameraActor Name:CineCameraActor_UAID_2CF05DA93863E4EE01_1343073657 Label:CineCameraActor SpatiallyLoaded:0 Bounds:IsValid=true, Min=(X=570.000 Y=2520.000 Z=140.000), Max=(X=570.000 Y=2520.000 Z=140.000) RuntimeGrid:None EditorOnly:0 RuntimeOnly:0 HLODRelevant:0
 |   |   |- [+] [ 53]
 |   |   |   |- Guid:912D9028455BAD4FC9F937A1F94E7438 BaseClass: NativeClass:/Script/Engine.StaticMeshActor Name:StaticMeshActor_UAID_2CF05DA93863E7EE01_1403045186 Label:Cube43 SpatiallyLoaded:1 Bounds:IsValid=true, Min=(X=1810.000 Y=3180.000 Z=-40.000), Max=(X=2110.000 Y=3480.000 Z=160.000) RuntimeGrid:None EditorOnly:0 RuntimeOnly:0 HLODRelevant:1
 |   |   |- [+] [ 54]
 |   |   |   |- Guid:A5B151F745AF0ABEFDE3898986DD1616 BaseClass: NativeClass:/Script/Engine.StaticMeshActor Name:StaticMeshActor_UAID_2CF05DA93863E7EE01_1410652187 Label:Cube44 SpatiallyLoaded:1 Bounds:IsValid=true, Min=(X=1820.000 Y=3620.000 Z=-40.000), Max=(X=2120.000 Y=3920.000 Z=160.000) RuntimeGrid:None EditorOnly:0 RuntimeOnly:0 HLODRelevant:1
 |   |   |- [+] [ 55]
 |   |   |   |- Guid:4381E9CD4D081BAE54A56EAE8827A738 BaseClass: NativeClass:/Script/Engine.StaticMeshActor Name:StaticMeshActor_UAID_2CF05DA93863E7EE01_1417940188 Label:Cube45 SpatiallyLoaded:1 Bounds:IsValid=true, Min=(X=1720.000 Y=4130.000 Z=-40.000), Max=(X=2020.000 Y=4430.000 Z=160.000) RuntimeGrid:None EditorOnly:0 RuntimeOnly:0 HLODRelevant:1
 |   |   |- [+] [ 56]
 |   |   |   |- Guid:EE6BE7B643577E81C387E2BE8D5E7193 BaseClass: NativeClass:/Script/Engine.StaticMeshActor Name:StaticMeshActor_UAID_2CF05DA93863E7EE01_1424269189 Label:Cube46 SpatiallyLoaded:1 Bounds:IsValid=true, Min=(X=1930.000 Y=4010.000 Z=-80.000), Max=(X=2230.000 Y=4310.000 Z=120.000) RuntimeGrid:None EditorOnly:0 RuntimeOnly:0 HLODRelevant:1
 |   |   |- [+] [ 57]
 |   |   |   |- Guid:3704B38B4CDA88871FB672BE4EBAECE3 BaseClass: NativeClass:/Script/Engine.StaticMeshActor Name:StaticMeshActor_UAID_2CF05DA93863E7EE01_1522511190 Label:Cube47 SpatiallyLoaded:1 Bounds:IsValid=true, Min=(X=2355.000 Y=3110.000 Z=0.000), Max=(X=2505.000 Y=3510.000 Z=300.000) RuntimeGrid:None EditorOnly:0 RuntimeOnly:0 HLODRelevant:1
 |   |   |- [+] [ 58]
 |   |   |   |- Guid:249F870842A9573F8BAFEEAF915E43F4 BaseClass: NativeClass:/Script/Engine.StaticMeshActor Name:StaticMeshActor_UAID_2CF05DA93863E7EE01_1528481191 Label:Cube48 SpatiallyLoaded:1 Bounds:IsValid=true, Min=(X=2365.000 Y=3460.000 Z=70.000), Max=(X=2515.000 Y=3860.000 Z=370.000) RuntimeGrid:None EditorOnly:0 RuntimeOnly:0 HLODRelevant:1
 |   |   |- [+] [ 59]
 |   |   |   |- Guid:AFB729264898D22D906351BAFC0FDE8C BaseClass: NativeClass:/Script/Engine.StaticMeshActor Name:StaticMeshActor_UAID_2CF05DA93863E7EE01_1537070192 Label:Cube49 SpatiallyLoaded:1 Bounds:IsValid=true, Min=(X=2335.000 Y=3830.000 Z=0.000), Max=(X=2485.000 Y=4230.000 Z=300.000) RuntimeGrid:None EditorOnly:0 RuntimeOnly:0 HLODRelevant:1
 |   |   |- [+] [ 60]
 |   |   |   |- Guid:3EEB57BA4C5C7A7C3BB727967E55AD60 BaseClass: NativeClass:/Script/Engine.StaticMeshActor Name:StaticMeshActor_UAID_2CF05DA93863E7EE01_1546550193 Label:Cube50 SpatiallyLoaded:1 Bounds:IsValid=true, Min=(X=2345.000 Y=1740.000 Z=0.000), Max=(X=2495.000 Y=2140.000 Z=300.000) RuntimeGrid:None EditorOnly:0 RuntimeOnly:0 HLODRelevant:1
 |   |   |- [+] [ 61]
 |   |   |   |- Guid:CE29D3D74AF204F28B4A18BAC9A533D3 BaseClass: NativeClass:/Script/Engine.StaticMeshActor Name:StaticMeshActor_UAID_2CF05DA93863E7EE01_1554940194 Label:Cube51 SpatiallyLoaded:1 Bounds:IsValid=true, Min=(X=2375.000 Y=630.000 Z=80.000), Max=(X=2525.000 Y=1030.000 Z=380.000) RuntimeGrid:None EditorOnly:0 RuntimeOnly:0 HLODRelevant:1
 |   |   |- [+] [ 62]
 |   |   |   |- Guid:BC32215F449B20A24FAABEB500971284 BaseClass: NativeClass:/Script/Engine.StaticMeshActor Name:StaticMeshActor_UAID_2CF05DA93863E7EE01_1565234195 Label:Cube52 SpatiallyLoaded:1 Bounds:IsValid=true, Min=(X=2385.000 Y=1220.000 Z=130.000), Max=(X=2535.000 Y=1620.000 Z=430.000) RuntimeGrid:None EditorOnly:0 RuntimeOnly:0 HLODRelevant:1
 |   |   |- [+] [ 63]
 |   |   |   |- Guid:05C04CAC4DA6D5F51A677CA12B247D33 BaseClass: NativeClass:/Script/Engine.StaticMeshActor Name:StaticMeshActor_UAID_2CF05DA93863E7EE01_1570558196 Label:Cube53 SpatiallyLoaded:1 Bounds:IsValid=true, Min=(X=2395.000 Y=960.000 Z=-10.000), Max=(X=2545.000 Y=1360.000 Z=290.000) RuntimeGrid:None EditorOnly:0 RuntimeOnly:0 HLODRelevant:1
 |   |   |- [+] [ 64]
 |   |   |   |- Guid:97EB11964809F67EAA45A4BFE8B2BC73 BaseClass: NativeClass:/Script/Engine.StaticMeshActor Name:StaticMeshActor_UAID_2CF05DA93863E7EE01_1581877197 Label:Cube54 SpatiallyLoaded:1 Bounds:IsValid=true, Min=(X=2475.000 Y=60.000 Z=-70.000), Max=(X=2625.000 Y=460.000 Z=230.000) RuntimeGrid:None EditorOnly:0 RuntimeOnly:0 HLODRelevant:1
 |   |   |- [+] [ 65]
 |   |   |   |- Guid:C743DA9D469D3D2C766327B74230AF8D BaseClass: NativeClass:/Script/Engine.StaticMeshActor Name:StaticMeshActor_UAID_2CF05DA93863E7EE01_1617517198 Label:Cube55 SpatiallyLoaded:1 Bounds:IsValid=true, Min=(X=2295.000 Y=1870.000 Z=-30.000), Max=(X=2445.000 Y=2070.000 Z=270.000) RuntimeGrid:None EditorOnly:0 RuntimeOnly:0 HLODRelevant:1
 |   |   |- [+] [ 66]
 |   |   |   |- Guid:40CFCABB413093C654F5A684A67FEACE BaseClass: NativeClass:/Script/Engine.StaticMeshActor Name:StaticMeshActor_UAID_2CF05DA93863E7EE01_1646262199 Label:Cube56 SpatiallyLoaded:1 Bounds:IsValid=true, Min=(X=2325.000 Y=3030.000 Z=-50.000), Max=(X=2475.000 Y=3230.000 Z=250.000) RuntimeGrid:None EditorOnly:0 RuntimeOnly:0 HLODRelevant:1
 |- ContainerInstances:
 |- [+] MainContainer:
 |   |-        ID: 0x0000000000000000
 |   |-    Bounds: IsValid=false, Min=(X=0.000 Y=0.000 Z=0.000), Max=(X=0.000 Y=0.000 Z=0.000)
 |   |- Transform: 0.000000,0.000000,0.000000|0.000000,0.000000,-0.000000|1.000000,1.000000,1.000000
 |   |- Container: /Game/ThirdPerson/Maps/ThirdPersonMap
----------------------------------------------------------------------------------------------------------------
ThirdPersonMap - Persistent Level
----------------------------------------------------------------------------------------------------------------
Always loaded Actor Count: 105 

----------------------------------------------------------------------------------------------------------------
ThirdPersonMap - Runtime Spatial Hash - Streaming Grid - MainGrid
----------------------------------------------------------------------------------------------------------------
            Origin: X=0.000 Y=0.000 Z=0.000
         Cell Size: 12800
      World Bounds: IsValid=false, Min=(X=0.000 Y=0.000 Z=0.000), Max=(X=0.000 Y=0.000 Z=0.000)
     Loading Range: 25600.00
Block Slow Loading: No
 ClientOnlyVisible: No

[+] Grid Levels: 1
 |- Level  0: Cell Count    0 | Cell Size   12800 | Actor Count    0 (0.0%)

[+] Content of Grid Level 0

